Determining if the pthread_create exist failed with the following output:
Change Dir: /data/project-test/Stereo_exp/HITnet/slant/RANSAC_slanted_window_fit/build/CMakeFiles/CMakeTmp

Run Build Command:"/usr/bin/make" "cmTC_46a63/fast"
/usr/bin/make -f CMakeFiles/cmTC_46a63.dir/build.make CMakeFiles/cmTC_46a63.dir/build
make[1]: Entering directory '/data/project-test/Stereo_exp/HITnet/slant/RANSAC_slanted_window_fit/build/CMakeFiles/CMakeTmp'
/usr/bin/cmake: /home/yanziwei/data/anaconda3/lib/libcurl.so.4: no version information available (required by /usr/bin/cmake)
Building C object CMakeFiles/cmTC_46a63.dir/CheckSymbolExists.c.o
/usr/bin/cc   -fPIC    -o CMakeFiles/cmTC_46a63.dir/CheckSymbolExists.c.o   -c /data/project-test/Stereo_exp/HITnet/slant/RANSAC_slanted_window_fit/build/CMakeFiles/CMakeTmp/CheckSymbolExists.c
/usr/bin/cmake: /home/yanziwei/data/anaconda3/lib/libcurl.so.4: no version information available (required by /usr/bin/cmake)
Linking C executable cmTC_46a63
/usr/bin/cmake -E cmake_link_script CMakeFiles/cmTC_46a63.dir/link.txt --verbose=1
/usr/bin/cmake: /home/yanziwei/data/anaconda3/lib/libcurl.so.4: no version information available (required by /usr/bin/cmake)
/usr/bin/cc -fPIC     -rdynamic CMakeFiles/cmTC_46a63.dir/CheckSymbolExists.c.o  -o cmTC_46a63 
CMakeFiles/cmTC_46a63.dir/CheckSymbolExists.c.o: In function `main':
CheckSymbolExists.c:(.text+0x1b): undefined reference to `pthread_create'
collect2: error: ld returned 1 exit status
CMakeFiles/cmTC_46a63.dir/build.make:97: recipe for target 'cmTC_46a63' failed
make[1]: *** [cmTC_46a63] Error 1
make[1]: Leaving directory '/data/project-test/Stereo_exp/HITnet/slant/RANSAC_slanted_window_fit/build/CMakeFiles/CMakeTmp'
Makefile:126: recipe for target 'cmTC_46a63/fast' failed
make: *** [cmTC_46a63/fast] Error 2

File /data/project-test/Stereo_exp/HITnet/slant/RANSAC_slanted_window_fit/build/CMakeFiles/CMakeTmp/CheckSymbolExists.c:
/* */
#include <pthread.h>

int main(int argc, char** argv)
{
  (void)argv;
#ifndef pthread_create
  return ((int*)(&pthread_create))[argc];
#else
  (void)argc;
  return 0;
#endif
}

Determining if the function pthread_create exists in the pthreads failed with the following output:
Change Dir: /data/project-test/Stereo_exp/HITnet/slant/RANSAC_slanted_window_fit/build/CMakeFiles/CMakeTmp

Run Build Command:"/usr/bin/make" "cmTC_7315d/fast"
/usr/bin/make -f CMakeFiles/cmTC_7315d.dir/build.make CMakeFiles/cmTC_7315d.dir/build
make[1]: Entering directory '/data/project-test/Stereo_exp/HITnet/slant/RANSAC_slanted_window_fit/build/CMakeFiles/CMakeTmp'
/usr/bin/cmake: /home/yanziwei/data/anaconda3/lib/libcurl.so.4: no version information available (required by /usr/bin/cmake)
Building C object CMakeFiles/cmTC_7315d.dir/CheckFunctionExists.c.o
/usr/bin/cc   -fPIC -DCHECK_FUNCTION_EXISTS=pthread_create   -o CMakeFiles/cmTC_7315d.dir/CheckFunctionExists.c.o   -c /usr/share/cmake-3.10/Modules/CheckFunctionExists.c
/usr/bin/cmake: /home/yanziwei/data/anaconda3/lib/libcurl.so.4: no version information available (required by /usr/bin/cmake)
Linking C executable cmTC_7315d
/usr/bin/cmake -E cmake_link_script CMakeFiles/cmTC_7315d.dir/link.txt --verbose=1
/usr/bin/cmake: /home/yanziwei/data/anaconda3/lib/libcurl.so.4: no version information available (required by /usr/bin/cmake)
/usr/bin/cc -fPIC -DCHECK_FUNCTION_EXISTS=pthread_create    -rdynamic CMakeFiles/cmTC_7315d.dir/CheckFunctionExists.c.o  -o cmTC_7315d -lpthreads 
/usr/bin/ld: cannot find -lpthreads
collect2: error: ld returned 1 exit status
CMakeFiles/cmTC_7315d.dir/build.make:97: recipe for target 'cmTC_7315d' failed
make[1]: *** [cmTC_7315d] Error 1
make[1]: Leaving directory '/data/project-test/Stereo_exp/HITnet/slant/RANSAC_slanted_window_fit/build/CMakeFiles/CMakeTmp'
Makefile:126: recipe for target 'cmTC_7315d/fast' failed
make: *** [cmTC_7315d/fast] Error 2


